<?xml version="1.0" encoding="UTF-8"?>
<testng-results skipped="0" failed="0" total="1" passed="1">
  <reporter-output>
  </reporter-output>
  <suite name="Default suite" duration-ms="19501" started-at="2022-08-29T12:18:25Z" finished-at="2022-08-29T12:18:45Z">
    <groups>
    </groups>
    <test name="Default test" duration-ms="19501" started-at="2022-08-29T12:18:25Z" finished-at="2022-08-29T12:18:45Z">
      <class name="login.HRMLogin">
        <test-method status="PASS" signature="open()[pri:0, instance:login.HRMLogin@34b7bfc0]" name="open" is-config="true" duration-ms="15091" started-at="2022-08-29T17:48:25Z" finished-at="2022-08-29T17:48:40Z">
          <reporter-output>
          </reporter-output>
        </test-method> <!-- open -->
        <test-method status="PASS" signature="operation()[pri:0, instance:login.HRMLogin@34b7bfc0]" name="operation" duration-ms="3509" started-at="2022-08-29T17:48:40Z" finished-at="2022-08-29T17:48:44Z">
          <reporter-output>
          </reporter-output>
        </test-method> <!-- operation -->
        <test-method status="PASS" signature="close()[pri:0, instance:login.HRMLogin@34b7bfc0]" name="close" is-config="true" duration-ms="880" started-at="2022-08-29T17:48:44Z" finished-at="2022-08-29T17:48:45Z">
          <reporter-output>
          </reporter-output>
        </test-method> <!-- close -->
      </class> <!-- login.HRMLogin -->
    </test> <!-- Default test -->
  </suite> <!-- Default suite -->
</testng-results>
